<?xml version="1.0" encoding="UTF-8"?>
<!-- Generated by org.testng.reporters.JUnitXMLReporter -->
<testsuite ignored="0" hostname="IN-L0001195" failures="0" tests="2" name="Default test" time="0.054" errors="0" timestamp="2023-01-19T18:45:15 IST">
  <testcase classname="com.assigment.TeamRCB" name="case1_verify_team_has_4_foreign_players" time="0.015"/>
  <testcase classname="com.assigment.TeamRCB" name="case2_verify_team_has_one_wicket_keeper" time="0.002"/>
</testsuite> <!-- Default test -->
