<?xml version="1.0" encoding="UTF-8"?>
<!-- Generated by org.testng.reporters.JUnitXMLReporter -->
<testsuite ignored="0" hostname="IN-L0001195" failures="0" tests="2" name="Test" time="0.045" errors="0" timestamp="2023-01-19T21:33:43 IST">
  <testcase classname="com.codingAssignement.TeamRCB" name="case1_verify_team_has_4_foreign_players" time="0.015"/>
  <testcase classname="com.codingAssignement.TeamRCB" name="case2_verify_team_has_one_wicket_keeper" time="0.001"/>
</testsuite> <!-- Test -->
