<?xml version="1.0" encoding="UTF-8"?>
<testng-results ignored="0" total="2" passed="2" failed="0" skipped="0">
  <reporter-output>
  </reporter-output>
  <suite started-at="2023-01-19T21:33:43 IST" name="Suite" finished-at="2023-01-19T21:33:43 IST" duration-ms="45">
    <groups>
    </groups>
    <test started-at="2023-01-19T21:33:43 IST" name="Test" finished-at="2023-01-19T21:33:43 IST" duration-ms="45">
      <class name="com.codingAssignement.TeamRCB">
        <test-method signature="case1_verify_team_has_4_foreign_players()[pri:0, instance:com.codingAssignement.TeamRCB@9353778]" started-at="2023-01-19T21:33:43 IST" name="case1_verify_team_has_4_foreign_players" finished-at="2023-01-19T21:33:43 IST" duration-ms="15" status="PASS">
          <reporter-output>
          </reporter-output>
        </test-method> <!-- case1_verify_team_has_4_foreign_players -->
        <test-method signature="case2_verify_team_has_one_wicket_keeper()[pri:0, instance:com.codingAssignement.TeamRCB@9353778]" started-at="2023-01-19T21:33:43 IST" name="case2_verify_team_has_one_wicket_keeper" finished-at="2023-01-19T21:33:43 IST" duration-ms="1" status="PASS">
          <reporter-output>
          </reporter-output>
        </test-method> <!-- case2_verify_team_has_one_wicket_keeper -->
      </class> <!-- com.codingAssignement.TeamRCB -->
    </test> <!-- Test -->
  </suite> <!-- Suite -->
</testng-results>
